TN:
SF:src/L2/KauraxBatchInbox.sol
DA:43,13
FN:43,KauraxBatchInbox.onlyBatcher
FNDA:13,KauraxBatchInbox.onlyBatcher
DA:44,13
BRDA:44,0,0,2
DA:48,2
FN:48,KauraxBatchInbox.onlyOwner
FNDA:2,KauraxBatchInbox.onlyOwner
DA:49,2
BRDA:49,1,0,1
DA:53,9
FN:53,KauraxBatchInbox.constructor
FNDA:9,KauraxBatchInbox.constructor
DA:54,9
BRDA:54,2,0,-
DA:55,9
DA:56,9
DA:60,13
FN:60,KauraxBatchInbox.submitBatch
FNDA:13,KauraxBatchInbox.submitBatch
DA:64,11
BRDA:64,3,0,1
DA:65,10
BRDA:65,4,0,1
DA:69,9
DA:70,9
BRDA:70,5,0,2
DA:72,7
DA:73,7
DA:75,7
DA:83,7
DA:84,7
DA:86,7
DA:89,2
FN:89,KauraxBatchInbox.setBatcher
FNDA:2,KauraxBatchInbox.setBatcher
DA:90,1
BRDA:90,6,0,-
DA:91,1
DA:92,1
DA:95,0
FN:95,KauraxBatchInbox.setOwner
FNDA:0,KauraxBatchInbox.setOwner
DA:96,0
BRDA:96,7,0,-
DA:97,0
DA:98,0
FNF:6
FNH:5
LF:27
LH:23
BRF:8
BRH:5
end_of_record
TN:
SF:src/L2/KauraxL2ERC20Bridge.sol
DA:43,6
FN:43,KauraxL2ERC20Bridge.constructor
FNDA:6,KauraxL2ERC20Bridge.constructor
DA:44,6
BRDA:44,0,0,-
DA:45,6
DA:46,6
DA:51,3
FN:51,KauraxL2ERC20Bridge.bridgeERC20To
FNDA:3,KauraxL2ERC20Bridge.bridgeERC20To
DA:58,3
BRDA:58,1,0,-
DA:59,3
BRDA:59,2,0,-
DA:63,3
DA:64,3
DA:65,3
BRDA:65,3,0,-
DA:66,3
DA:67,3
BRDA:67,4,0,-
DA:69,3
DA:71,3
DA:75,3
DA:77,3
DA:82,3
FN:82,KauraxL2ERC20Bridge.finalizeWithdrawal
FNDA:3,KauraxL2ERC20Bridge.finalizeWithdrawal
DA:89,3
BRDA:89,5,0,1
DA:90,2
BRDA:90,6,0,1
DA:92,1
DA:93,1
BRDA:93,7,0,-
DA:95,1
DA:98,1
DA:99,1
BRDA:99,8,0,-
DA:101,1
FNF:3
FNH:3
LF:25
LH:25
BRF:9
BRH:2
end_of_record
TN:
SF:src/L2/KauraxL2OutputOracle.sol
DA:103,1318
FN:103,KauraxL2OutputOracle.onlyProposer
FNDA:1318,KauraxL2OutputOracle.onlyProposer
DA:104,1318
BRDA:104,0,0,1
DA:108,122
FN:108,KauraxL2OutputOracle.constructor
FNDA:122,KauraxL2OutputOracle.constructor
DA:118,122
BRDA:118,1,0,-
DA:119,0
DA:121,122
BRDA:121,2,0,-
DA:122,122
BRDA:122,3,0,-
DA:124,122
DA:125,122
DA:126,122
DA:127,122
DA:128,122
DA:129,122
DA:130,122
DA:131,122
DA:140,1318
FN:140,KauraxL2OutputOracle.proposeL2Output
FNDA:1318,KauraxL2OutputOracle.proposeL2Output
DA:146,1317
BRDA:146,4,0,1
DA:149,1316
BRDA:149,5,0,1
DA:155,1315
DA:156,1315
BRDA:156,6,0,1
DA:157,1
DA:160,1314
DA:161,1314
BRDA:161,7,0,1
DA:165,1313
BRDA:165,8,0,1
DA:168,1312
BRDA:168,9,0,2
DA:169,2
BRDA:169,10,0,1
DA:172,1311
DA:173,1311
DA:175,1311
DA:176,1311
BRDA:176,11,0,330
DA:177,330
DA:178,330
DA:181,1311
DA:196,979
FN:196,KauraxL2OutputOracle.isOutputFinalized
FNDA:979,KauraxL2OutputOracle.isOutputFinalized
DA:197,1667
BRDA:197,12,0,-
DA:198,1667
BRDA:198,13,0,1650
DA:199,1650
DA:201,17
DA:202,17
BRDA:202,14,0,2
DA:203,15
DA:208,1
FN:208,KauraxL2OutputOracle.disputeGameEnforced
FNDA:1,KauraxL2OutputOracle.disputeGameEnforced
DA:209,1
DA:228,689
FN:228,KauraxL2OutputOracle.deleteL2Outputs
FNDA:689,KauraxL2OutputOracle.deleteL2Outputs
DA:229,689
BRDA:229,15,0,2
DA:230,687
BRDA:230,16,0,-
DA:231,687
BRDA:231,17,0,1
DA:233,686
DA:235,686
DA:236,687
DA:237,687
BRDA:237,18,0,8
DA:238,8
DA:239,8
BRDA:239,19,0,7
BRDA:239,19,1,1
DA:240,7
DA:241,7
DA:243,1
DA:244,1
DA:245,1
DA:254,686
DA:256,686
DA:260,1
FN:260,KauraxL2OutputOracle.claimProposalBond
FNDA:1,KauraxL2OutputOracle.claimProposalBond
DA:261,1
BRDA:261,20,0,-
DA:262,1
BRDA:262,21,0,-
DA:264,1
DA:265,1
BRDA:265,22,0,-
DA:266,1
DA:267,1
DA:268,1
DA:274,685
FN:274,KauraxL2OutputOracle.withdrawBond
FNDA:685,KauraxL2OutputOracle.withdrawBond
DA:275,685
DA:276,685
BRDA:276,23,0,676
DA:277,9
DA:279,9
DA:280,9
BRDA:280,24,0,-
DA:281,9
DA:285,41
FN:285,KauraxL2OutputOracle.setDisputeGame
FNDA:41,KauraxL2OutputOracle.setDisputeGame
DA:286,41
BRDA:286,25,0,-
DA:287,41
DA:288,41
DA:291,1957
FN:291,KauraxL2OutputOracle.getL2Output
FNDA:1957,KauraxL2OutputOracle.getL2Output
DA:292,1957
BRDA:292,26,0,1
DA:293,1956
DA:297,4
FN:297,KauraxL2OutputOracle.getL2OutputIndexAfter
FNDA:4,KauraxL2OutputOracle.getL2OutputIndexAfter
DA:298,4
BRDA:298,27,0,-
DA:299,4
BRDA:299,28,0,-
DA:301,4
DA:302,4
DA:303,12
DA:304,8
DA:305,8
BRDA:305,29,0,3
BRDA:305,29,1,5
DA:306,5
DA:308,4
DA:311,1
FN:311,KauraxL2OutputOracle.latestOutputIndex
FNDA:1,KauraxL2OutputOracle.latestOutputIndex
DA:312,1
BRDA:312,30,0,1
DA:313,0
DA:316,1285
FN:316,KauraxL2OutputOracle.nextOutputIndex
FNDA:1285,KauraxL2OutputOracle.nextOutputIndex
DA:317,2596
DA:320,3
FN:320,KauraxL2OutputOracle.latestBlockNumber
FNDA:3,KauraxL2OutputOracle.latestBlockNumber
DA:321,1960
DA:326,1029
FN:326,KauraxL2OutputOracle.nextBlockNumber
FNDA:1029,KauraxL2OutputOracle.nextBlockNumber
DA:327,2343
DA:330,1
FN:330,KauraxL2OutputOracle.computeL3Timestamp
FNDA:1,KauraxL2OutputOracle.computeL3Timestamp
DA:331,1314
DA:334,66
FN:334,KauraxL2OutputOracle.finalizationPeriodSeconds
FNDA:66,KauraxL2OutputOracle.finalizationPeriodSeconds
DA:335,66
DA:338,0
FN:338,KauraxL2OutputOracle.outputCount
FNDA:0,KauraxL2OutputOracle.outputCount
DA:339,0
DA:343,22
FN:343,KauraxL2OutputOracle.setForcedInclusion
FNDA:22,KauraxL2OutputOracle.setForcedInclusion
DA:344,22
BRDA:344,31,0,1
DA:345,21
BRDA:345,32,0,-
DA:346,21
DA:347,21
DA:351,2
FN:351,KauraxL2OutputOracle.forcedInclusionEnforced
FNDA:2,KauraxL2OutputOracle.forcedInclusionEnforced
DA:352,2
DA:355,0
FN:355,KauraxL2OutputOracle.setProposer
FNDA:0,KauraxL2OutputOracle.setProposer
DA:356,0
BRDA:356,33,0,-
DA:357,0
BRDA:357,34,0,-
DA:358,0
DA:359,0
DA:362,53
FN:362,KauraxL2OutputOracle.setChallenger
FNDA:53,KauraxL2OutputOracle.setChallenger
DA:363,53
BRDA:363,35,0,-
DA:364,53
BRDA:364,36,0,-
DA:365,53
DA:366,53
FNF:22
FNH:20
LF:123
LH:114
BRF:39
BRH:22
end_of_record
TN:
SF:src/L2/KauraxPortal.sol
DA:138,20
FN:138,KauraxPortal.whenNotPaused
FNDA:20,KauraxPortal.whenNotPaused
DA:139,1
BRDA:139,0,0,1
DA:143,54
FN:143,KauraxPortal.constructor
FNDA:54,KauraxPortal.constructor
DA:149,54
BRDA:149,1,0,-
DA:150,0
DA:154,54
BRDA:154,2,0,1
DA:156,53
DA:157,53
DA:158,53
DA:159,53
DA:167,1
FN:167,KauraxPortal.receive
FNDA:1,KauraxPortal.receive
DA:168,1
DA:175,19
FN:175,KauraxPortal.depositTransaction
FNDA:19,KauraxPortal.depositTransaction
DA:182,19
BRDA:182,3,0,1
DA:183,18
BRDA:183,4,0,1
DA:184,17
BRDA:184,5,0,1
DA:186,16
DA:191,16
DA:193,16
DA:195,16
DA:217,694
FN:217,KauraxPortal.forceTransaction
FNDA:694,KauraxPortal.forceTransaction
DA:223,693
BRDA:223,6,0,1
DA:224,692
BRDA:224,7,0,1
DA:226,691
DA:227,691
DA:229,691
DA:230,691
DA:244,691
DA:245,691
DA:247,691
DA:250,691
DA:255,434
FN:255,KauraxPortal.acknowledgeForcedTransactions
FNDA:434,KauraxPortal.acknowledgeForcedTransactions
DA:256,434
BRDA:256,8,0,2
DA:257,432
BRDA:257,9,0,1
DA:258,431
BRDA:258,10,0,1
DA:260,430
DA:261,683
DA:262,683
DA:264,430
DA:268,946
FN:268,KauraxPortal.hasOverdueForcedTransactions
FNDA:946,KauraxPortal.hasOverdueForcedTransactions
DA:269,946
BRDA:269,11,0,514
DA:270,432
DA:274,2
FN:274,KauraxPortal.oldestForcedDeadline
FNDA:2,KauraxPortal.oldestForcedDeadline
DA:275,2
BRDA:275,12,0,-
DA:276,2
DA:280,4
FN:280,KauraxPortal.pendingForcedCount
FNDA:4,KauraxPortal.pendingForcedCount
DA:281,4
DA:284,0
FN:284,KauraxPortal.forcedTransactionCount
FNDA:0,KauraxPortal.forcedTransactionCount
DA:285,0
DA:288,2
FN:288,KauraxPortal.getForcedTransaction
FNDA:2,KauraxPortal.getForcedTransaction
DA:289,2
BRDA:289,13,0,-
DA:290,2
DA:293,2
FN:293,KauraxPortal.setSequencer
FNDA:2,KauraxPortal.setSequencer
DA:294,2
BRDA:294,14,0,1
DA:295,1
BRDA:295,15,0,-
DA:296,1
DA:297,1
DA:300,3
FN:300,KauraxPortal.setForcedInclusionWindow
FNDA:3,KauraxPortal.setForcedInclusionWindow
DA:301,3
BRDA:301,16,0,-
DA:302,3
BRDA:302,17,0,2
DA:303,1
DA:304,1
DA:317,19
FN:317,KauraxPortal.proveWithdrawalTransaction
FNDA:19,KauraxPortal.proveWithdrawalTransaction
DA:325,18
BRDA:325,18,0,1
DA:327,17
DA:330,17
BRDA:330,19,0,1
DA:332,16
DA:335,16
DA:338,16
BRDA:338,20,0,2
DA:343,14
DA:344,14
BRDA:344,21,0,1
DA:345,1
DA:347,0
BRDA:347,22,0,-
DA:349,13
DA:355,13
DA:359,16
FN:359,KauraxPortal.finalizeWithdrawalTransaction
FNDA:16,KauraxPortal.finalizeWithdrawalTransaction
DA:360,15
BRDA:360,23,0,-
DA:361,15
BRDA:361,24,0,-
DA:363,15
DA:364,15
DA:366,15
BRDA:366,25,0,1
DA:367,2
BRDA:367,26,0,2
DA:369,12
DA:370,12
BRDA:370,27,0,1
DA:374,11
DA:375,10
BRDA:375,28,0,-
DA:382,10
BRDA:382,29,0,-
DA:383,0
DA:387,10
DA:388,10
DA:390,10
DA:392,10
DA:402,10
DA:409,6
FN:409,KauraxPortal.pause
FNDA:6,KauraxPortal.pause
DA:410,6
BRDA:410,30,0,2
DA:411,4
DA:412,4
DA:415,1
FN:415,KauraxPortal.unpause
FNDA:1,KauraxPortal.unpause
DA:416,1
BRDA:416,31,0,-
DA:417,1
DA:418,1
DA:421,0
FN:421,KauraxPortal.setGuardian
FNDA:0,KauraxPortal.setGuardian
DA:422,0
BRDA:422,32,0,-
DA:423,0
BRDA:423,33,0,-
DA:424,0
DA:425,0
DA:429,0
FN:429,KauraxPortal.balance
FNDA:0,KauraxPortal.balance
DA:430,0
FNF:19
FNH:16
LF:108
LH:96
BRF:34
BRH:21
end_of_record
TN:
SF:src/L3/KauraxBridgedERC20.sol
DA:32,3
FN:32,KauraxBridgedERC20.onlyBridge
FNDA:3,KauraxBridgedERC20.onlyBridge
DA:33,3
BRDA:33,0,0,1
DA:37,6
FN:37,KauraxBridgedERC20.constructor
FNDA:6,KauraxBridgedERC20.constructor
DA:44,6
DA:45,6
DA:46,6
DA:47,6
DA:48,6
DA:51,3
FN:51,KauraxBridgedERC20.mint
FNDA:3,KauraxBridgedERC20.mint
DA:52,2
DA:53,2
DA:54,2
DA:55,2
DA:58,1
FN:58,KauraxBridgedERC20.burn
FNDA:1,KauraxBridgedERC20.burn
DA:59,1
DA:60,1
BRDA:60,1,0,-
DA:62,1
DA:63,1
DA:65,1
DA:66,1
DA:69,0
FN:69,KauraxBridgedERC20.transfer
FNDA:0,KauraxBridgedERC20.transfer
DA:70,0
DA:71,0
DA:74,0
FN:74,KauraxBridgedERC20.approve
FNDA:0,KauraxBridgedERC20.approve
DA:75,0
DA:76,0
DA:77,0
DA:80,0
FN:80,KauraxBridgedERC20.transferFrom
FNDA:0,KauraxBridgedERC20.transferFrom
DA:81,0
DA:82,0
BRDA:82,2,0,-
DA:83,0
BRDA:83,3,0,-
DA:85,0
DA:88,0
DA:89,0
DA:92,0
FN:92,KauraxBridgedERC20._transfer
FNDA:0,KauraxBridgedERC20._transfer
DA:93,0
DA:94,0
BRDA:94,4,0,-
DA:96,0
DA:97,0
DA:99,0
FNF:8
FNH:4
LF:40
LH:20
BRF:5
BRH:1
end_of_record
TN:
SF:src/L3/KauraxL3ERC20Bridge.sol
DA:45,6
FN:45,KauraxL3ERC20Bridge.constructor
FNDA:6,KauraxL3ERC20Bridge.constructor
DA:46,6
BRDA:46,0,0,-
DA:47,6
DA:48,6
DA:49,6
DA:54,5
FN:54,KauraxL3ERC20Bridge.finalizeDeposit
FNDA:5,KauraxL3ERC20Bridge.finalizeDeposit
DA:57,5
BRDA:57,1,0,2
DA:58,3
BRDA:58,2,0,1
DA:60,2
DA:61,2
DA:65,1
FN:65,KauraxL3ERC20Bridge.bridgeERC20To
FNDA:1,KauraxL3ERC20Bridge.bridgeERC20To
DA:66,1
BRDA:66,3,0,-
DA:67,1
BRDA:67,4,0,-
DA:69,1
DA:71,1
DA:73,1
DA:77,1
DA:79,1
FNF:3
FNH:3
LF:18
LH:18
BRF:5
BRH:2
end_of_record
TN:
SF:src/L3/L3ToL2MessagePasser.sol
DA:57,18
FN:57,L3ToL2MessagePasser.initiateWithdrawal
FNDA:18,L3ToL2MessagePasser.initiateWithdrawal
DA:58,18
BRDA:58,0,0,-
DA:59,18
BRDA:59,1,0,-
DA:61,18
DA:63,18
DA:72,18
DA:73,18
DA:74,18
DA:77,18
DA:78,18
DA:81,18
DA:82,18
DA:84,18
BRDA:84,2,0,16
DA:89,15
FN:89,L3ToL2MessagePasser.withdrawalTreeRoot
FNDA:15,L3ToL2MessagePasser.withdrawalTreeRoot
DA:90,15
DA:93,0
FN:93,L3ToL2MessagePasser.withdrawalCount
FNDA:0,L3ToL2MessagePasser.withdrawalCount
DA:94,0
DA:98,0
FN:98,L3ToL2MessagePasser.leafIndexOf
FNDA:0,L3ToL2MessagePasser.leafIndexOf
DA:99,0
DA:100,0
BRDA:100,3,0,-
BRDA:100,3,1,-
DA:101,0
DA:104,0
FN:104,L3ToL2MessagePasser.sentMessages
FNDA:0,L3ToL2MessagePasser.sentMessages
DA:105,0
DA:111,16
FN:111,L3ToL2MessagePasser._burn
FNDA:16,L3ToL2MessagePasser._burn
DA:112,16
DA:114,16
BRDA:114,4,0,-
DA:120,16
FN:120,Burner.constructor
FNDA:16,Burner.constructor
DA:121,16
FNF:7
FNH:4
LF:28
LH:20
BRF:6
BRH:1
end_of_record
TN:
SF:src/ai/AIAgentRegistry.sol
DA:43,0
FN:43,AIAgentRegistry.onlyOwner
FNDA:0,AIAgentRegistry.onlyOwner
DA:44,0
BRDA:44,0,0,-
DA:45,0
BRDA:45,1,0,-
DA:49,6
FN:49,AIAgentRegistry.register
FNDA:6,AIAgentRegistry.register
DA:53,6
BRDA:53,2,0,-
DA:54,6
BRDA:54,3,0,1
DA:56,5
DA:57,5
DA:65,5
DA:66,5
DA:67,5
DA:69,5
DA:72,0
FN:72,AIAgentRegistry.update
FNDA:0,AIAgentRegistry.update
DA:76,0
DA:77,0
DA:78,0
DA:79,0
DA:82,2
FN:82,AIAgentRegistry.setOperator
FNDA:2,AIAgentRegistry.setOperator
DA:83,1
BRDA:83,4,0,-
DA:84,1
BRDA:84,5,0,-
DA:86,1
DA:87,1
DA:89,1
DA:90,1
DA:92,1
DA:95,1
FN:95,AIAgentRegistry.setActive
FNDA:1,AIAgentRegistry.setActive
DA:96,1
DA:97,1
DA:101,1
FN:101,AIAgentRegistry.agentOf
FNDA:1,AIAgentRegistry.agentOf
DA:102,1
DA:103,1
BRDA:103,6,0,-
DA:104,1
DA:107,4
FN:107,AIAgentRegistry.isAuthorized
FNDA:4,AIAgentRegistry.isAuthorized
DA:108,4
DA:109,4
DA:112,0
FN:112,AIAgentRegistry.agentsOf
FNDA:0,AIAgentRegistry.agentsOf
DA:113,0
FNF:8
FNH:5
LF:37
LH:27
BRF:7
BRH:1
end_of_record
TN:
SF:src/ai/AIPayments.sol
DA:64,15
FN:64,AIPayments.constructor
FNDA:15,AIPayments.constructor
DA:65,15
DA:70,7
FN:70,AIPayments.fundJob
FNDA:7,AIPayments.fundJob
DA:75,7
BRDA:75,0,0,1
DA:76,6
BRDA:76,1,0,1
DA:77,5
BRDA:77,2,0,1
DA:79,4
DA:81,4
DA:82,4
DA:91,4
DA:93,4
DA:97,4
FN:97,AIPayments.release
FNDA:4,AIPayments.release
DA:98,4
DA:99,4
BRDA:99,3,0,1
DA:100,3
BRDA:100,4,0,1
DA:102,2
DA:103,2
DA:105,2
DA:106,2
DA:110,2
FN:110,AIPayments.refund
FNDA:2,AIPayments.refund
DA:111,2
DA:112,2
BRDA:112,5,0,-
DA:113,2
BRDA:113,6,0,-
DA:114,2
BRDA:114,7,0,1
DA:116,1
DA:117,1
DA:119,1
DA:120,1
DA:123,6
FN:123,AIPayments._load
FNDA:6,AIPayments._load
DA:124,6
BRDA:124,8,0,-
DA:125,6
DA:129,3
FN:129,AIPayments._send
FNDA:3,AIPayments._send
DA:130,3
DA:131,3
BRDA:131,9,0,-
FNF:6
FNH:6
LF:34
LH:34
BRF:10
BRH:6
end_of_record
TN:
SF:src/ai/AIServiceRegistry.sol
DA:40,1
FN:40,AIServiceRegistry.onlyProvider
FNDA:1,AIServiceRegistry.onlyProvider
DA:41,1
BRDA:41,0,0,-
DA:42,1
BRDA:42,1,0,1
DA:46,10
FN:46,AIServiceRegistry.register
FNDA:10,AIServiceRegistry.register
DA:50,10
BRDA:50,2,0,1
DA:52,9
DA:53,9
DA:61,9
DA:62,9
DA:64,9
DA:67,1
FN:67,AIServiceRegistry.update
FNDA:1,AIServiceRegistry.update
DA:71,0
BRDA:71,3,0,-
DA:72,0
DA:73,0
DA:74,0
DA:75,0
DA:76,0
DA:79,2
FN:79,AIServiceRegistry.setActive
FNDA:2,AIServiceRegistry.setActive
DA:80,2
DA:81,2
DA:82,2
DA:85,1
FN:85,AIServiceRegistry.servicesOf
FNDA:1,AIServiceRegistry.servicesOf
DA:86,1
DA:89,6
FN:89,AIServiceRegistry.isActive
FNDA:6,AIServiceRegistry.isActive
DA:90,6
FNF:6
FNH:6
LF:25
LH:19
BRF:4
BRH:2
end_of_record
TN:
SF:src/apps/KauraxLaunchpad.sol
DA:105,13
FN:105,KauraxLaunchpad.nonReentrant
FNDA:13,KauraxLaunchpad.nonReentrant
DA:106,13
BRDA:106,0,0,-
DA:107,13
DA:109,11
DA:112,257
FN:112,KauraxLaunchpad.onlyCreator
FNDA:257,KauraxLaunchpad.onlyCreator
DA:113,257
BRDA:113,1,0,-
DA:114,257
BRDA:114,2,0,-
DA:122,539
FN:122,KauraxLaunchpad.createSale
FNDA:539,KauraxLaunchpad.createSale
DA:134,539
BRDA:134,3,0,-
DA:135,539
BRDA:135,4,0,-
DA:136,539
BRDA:136,5,0,2
DA:137,537
BRDA:137,6,0,1
DA:138,536
BRDA:138,7,0,-
DA:142,536
DA:143,536
BRDA:143,8,0,1
DA:145,535
DA:146,535
DA:147,535
DA:148,535
DA:149,535
DA:150,535
DA:151,535
DA:152,535
DA:153,535
DA:154,535
DA:155,535
DA:156,535
DA:157,535
DA:159,535
DA:165,533
FN:165,KauraxLaunchpad.depositTokens
FNDA:533,KauraxLaunchpad.depositTokens
DA:166,532
DA:167,0
BRDA:167,9,0,-
DA:168,0
BRDA:168,10,0,-
DA:170,532
DA:171,532
DA:172,532
DA:175,532
DA:176,532
DA:177,532
BRDA:177,11,0,-
DA:179,532
DA:180,532
DA:184,3
FN:184,KauraxLaunchpad.cancelSale
FNDA:3,KauraxLaunchpad.cancelSale
DA:185,2
DA:186,2
BRDA:186,12,0,1
DA:187,0
BRDA:187,13,0,-
DA:189,1
DA:190,1
BRDA:190,14,0,1
DA:191,1
DA:192,1
DA:194,1
DA:201,793
FN:201,KauraxLaunchpad.contribute
FNDA:793,KauraxLaunchpad.contribute
DA:202,793
BRDA:202,15,0,-
DA:203,793
DA:205,0
BRDA:205,16,0,-
DA:206,793
BRDA:206,17,0,1
DA:207,792
BRDA:207,18,0,2
DA:209,790
DA:210,790
DA:212,790
BRDA:212,19,0,1
DA:213,789
BRDA:213,20,0,2
DA:215,787
DA:216,787
BRDA:216,21,0,1
DA:218,786
DA:219,786
DA:221,786
DA:222,786
DA:224,786
DA:230,268
FN:230,KauraxLaunchpad.finalise
FNDA:268,KauraxLaunchpad.finalise
DA:231,268
BRDA:231,22,0,-
DA:232,268
DA:234,0
BRDA:234,23,0,-
DA:235,1
BRDA:235,24,0,1
DA:237,267
BRDA:237,25,0,-
DA:239,267
DA:240,267
DA:242,267
DA:244,257
BRDA:244,26,0,257
BRDA:244,26,1,257
DA:245,257
DA:246,257
BRDA:246,27,0,256
DA:247,256
DA:248,256
DA:252,10
DA:253,10
DA:258,5
FN:258,KauraxLaunchpad.claimTokens
FNDA:5,KauraxLaunchpad.claimTokens
DA:259,5
BRDA:259,28,0,-
DA:260,5
DA:262,5
BRDA:262,29,0,-
DA:263,5
BRDA:263,30,0,1
DA:264,1
BRDA:264,31,0,1
DA:266,3
DA:267,3
BRDA:267,32,0,-
DA:269,3
DA:270,3
DA:272,3
DA:273,3
DA:277,13
FN:277,KauraxLaunchpad.refund
FNDA:13,KauraxLaunchpad.refund
DA:278,13
BRDA:278,33,0,-
DA:279,13
DA:281,13
BRDA:281,34,0,13
DA:282,13
BRDA:282,35,0,-
DA:283,13
BRDA:283,36,0,1
DA:285,1
BRDA:285,37,0,1
DA:287,11
DA:288,11
BRDA:288,38,0,-
DA:291,11
DA:293,11
DA:294,11
DA:298,257
FN:298,KauraxLaunchpad.withdrawRaise
FNDA:257,KauraxLaunchpad.withdrawRaise
DA:299,257
DA:301,257
BRDA:301,39,0,1
DA:302,256
BRDA:302,40,0,1
DA:303,1
BRDA:303,41,0,1
DA:305,254
DA:306,254
DA:308,254
DA:309,254
DA:316,0
FN:316,KauraxLaunchpad.getSale
FNDA:0,KauraxLaunchpad.getSale
DA:317,0
BRDA:317,42,0,-
DA:318,0
DA:321,8
FN:321,KauraxLaunchpad.statusOf
FNDA:8,KauraxLaunchpad.statusOf
DA:322,8
BRDA:322,43,0,-
DA:323,8
DA:325,1
BRDA:325,44,0,1
DA:326,4
BRDA:326,45,0,4
DA:327,3
BRDA:327,46,0,1
DA:328,2
BRDA:328,47,0,1
DA:329,1
BRDA:329,48,0,1
DA:331,0
DA:335,257
FN:335,KauraxLaunchpad.allocationOf
FNDA:257,KauraxLaunchpad.allocationOf
DA:336,257
BRDA:336,49,0,-
DA:337,257
DA:340,0
FN:340,KauraxLaunchpad.remainingCapacityWei
FNDA:0,KauraxLaunchpad.remainingCapacityWei
DA:341,0
BRDA:341,50,0,-
DA:342,0
DA:343,0
DA:350,270
FN:350,KauraxLaunchpad._safeTransfer
FNDA:270,KauraxLaunchpad._safeTransfer
DA:351,270
DA:352,270
BRDA:352,51,0,-
DA:355,532
FN:355,KauraxLaunchpad._safeTransferFrom
FNDA:532,KauraxLaunchpad._safeTransferFrom
DA:356,532
DA:357,532
BRDA:357,52,0,-
DA:360,265
FN:360,KauraxLaunchpad._sendKAX
FNDA:265,KauraxLaunchpad._sendKAX
DA:361,265
DA:362,265
BRDA:362,53,0,-
FNF:17
FNH:15
LF:144
LH:131
BRF:55
BRH:27
end_of_record
TN:
SF:src/apps/KauraxNames.sol
DA:97,29
FN:97,KauraxNames.constructor
FNDA:29,KauraxNames.constructor
DA:98,29
BRDA:98,0,0,-
DA:99,29
DA:100,29
DA:101,29
DA:102,29
DA:103,29
DA:111,282
FN:111,KauraxNames.register
FNDA:282,KauraxNames.register
DA:112,282
BRDA:112,1,0,1
DA:113,281
BRDA:113,2,0,2
DA:115,279
DA:116,279
BRDA:116,3,0,2
DA:118,277
DA:119,277
BRDA:119,4,0,1
DA:121,276
DA:123,276
DA:126,276
DA:129,276
DA:130,276
DA:132,276
DA:137,5
FN:137,KauraxNames.renew
FNDA:5,KauraxNames.renew
DA:138,5
DA:139,5
DA:142,5
BRDA:142,5,0,1
DA:143,1
DA:145,4
BRDA:145,6,0,-
DA:147,4
DA:148,4
BRDA:148,7,0,-
DA:151,4
DA:152,4
DA:153,4
DA:155,4
DA:157,4
DA:165,3
FN:165,KauraxNames.setResolvedAddress
FNDA:3,KauraxNames.setResolvedAddress
DA:166,3
DA:167,2
BRDA:167,8,0,-
DA:169,2
DA:170,2
DA:177,3
FN:177,KauraxNames.transferName
FNDA:3,KauraxNames.transferName
DA:178,3
DA:179,2
BRDA:179,9,0,-
DA:181,2
DA:182,2
DA:184,2
BRDA:184,10,0,1
DA:186,1
DA:189,2
DA:195,6
FN:195,KauraxNames.setPrimaryName
FNDA:6,KauraxNames.setPrimaryName
DA:196,6
DA:197,6
DA:199,6
BRDA:199,11,0,-
DA:200,6
BRDA:200,12,0,1
DA:202,5
DA:203,5
DA:206,1
FN:206,KauraxNames.clearPrimaryName
FNDA:1,KauraxNames.clearPrimaryName
DA:208,1
DA:216,261
FN:216,KauraxNames.resolve
FNDA:261,KauraxNames.resolve
DA:217,261
DA:218,261
BRDA:218,13,0,1
DA:219,260
DA:223,6
FN:223,KauraxNames.primaryName
FNDA:6,KauraxNames.primaryName
DA:224,6
DA:225,6
BRDA:225,14,0,2
DA:227,4
DA:229,4
BRDA:229,15,0,2
DA:230,2
DA:233,261
FN:233,KauraxNames.ownerOf
FNDA:261,KauraxNames.ownerOf
DA:234,261
DA:236,261
BRDA:236,16,0,-
DA:237,261
DA:240,2
FN:240,KauraxNames.recordOf
FNDA:2,KauraxNames.recordOf
DA:245,2
DA:246,2
DA:247,2
DA:257,2
FN:257,KauraxNames.isAvailable
FNDA:2,KauraxNames.isAvailable
DA:258,2
BRDA:258,17,0,-
DA:259,2
DA:263,518
FN:263,KauraxNames.priceFor
FNDA:518,KauraxNames.priceFor
DA:264,799
DA:267,799
DA:270,0
FN:270,KauraxNames.namehash
FNDA:0,KauraxNames.namehash
DA:271,822
DA:277,15
FN:277,KauraxNames.isValidLabel
FNDA:15,KauraxNames.isValidLabel
DA:278,299
DA:279,299
BRDA:279,18,0,3
DA:280,296
BRDA:280,19,0,2
DA:282,294
DA:283,2254
DA:284,2254
DA:285,13
DA:286,9
DA:287,2254
BRDA:287,20,0,7
DA:289,287
DA:296,3
FN:296,KauraxNames.setTreasury
FNDA:3,KauraxNames.setTreasury
DA:297,3
BRDA:297,21,0,1
DA:298,2
BRDA:298,22,0,-
DA:299,2
DA:300,2
DA:303,0
FN:303,KauraxNames.transferOwnership
FNDA:0,KauraxNames.transferOwnership
DA:304,0
BRDA:304,23,0,-
DA:305,0
BRDA:305,24,0,-
DA:306,0
DA:313,283
FN:313,KauraxNames._isAvailable
FNDA:283,KauraxNames._isAvailable
DA:314,283
DA:315,283
BRDA:315,25,0,276
DA:316,7
DA:319,6
FN:319,KauraxNames._requireOwner
FNDA:6,KauraxNames._requireOwner
DA:320,6
DA:321,6
DA:322,6
BRDA:322,26,0,-
DA:325,6
BRDA:325,27,0,-
DA:326,6
BRDA:326,28,0,2
DA:329,799
FN:329,KauraxNames._pricePerYear
FNDA:799,KauraxNames._pricePerYear
DA:330,799
BRDA:330,29,0,1
DA:331,798
BRDA:331,30,0,1
DA:332,797
DA:337,280
FN:337,KauraxNames._settle
FNDA:280,KauraxNames._settle
DA:338,280
BRDA:338,31,0,280
DA:339,280
DA:340,280
BRDA:340,32,0,1
DA:342,279
DA:343,279
BRDA:343,33,0,1
DA:344,1
DA:345,1
BRDA:345,34,0,-
FNF:21
FNH:19
LF:123
LH:118
BRF:35
BRH:21
end_of_record
TN:
SF:src/apps/KauraxSwapFactory.sol
DA:25,284
FN:25,KauraxSwapFactory.createPair
FNDA:284,KauraxSwapFactory.createPair
DA:26,284
BRDA:26,0,0,1
DA:28,283
DA:29,283
BRDA:29,1,0,-
DA:30,283
BRDA:30,2,0,2
DA:32,281
DA:33,281
DA:34,281
DA:36,281
DA:37,281
DA:38,281
DA:40,281
DA:43,1
FN:43,KauraxSwapFactory.allPairsLength
FNDA:1,KauraxSwapFactory.allPairsLength
DA:44,1
DA:48,1
FN:48,KauraxSwapFactory.pairFor
FNDA:1,KauraxSwapFactory.pairFor
DA:49,1
DA:50,1
FNF:3
FNH:3
LF:17
LH:17
BRF:3
BRH:2
end_of_record
TN:
SF:src/apps/KauraxSwapPair.sol
DA:71,278
FN:71,KauraxSwapPair.lock
FNDA:278,KauraxSwapPair.lock
DA:72,278
BRDA:72,0,0,-
DA:73,278
DA:75,278
DA:78,281
FN:78,KauraxSwapPair.constructor
FNDA:281,KauraxSwapPair.constructor
DA:79,281
DA:83,283
FN:83,KauraxSwapPair.initialize
FNDA:283,KauraxSwapPair.initialize
DA:84,283
BRDA:84,1,0,1
DA:85,282
BRDA:85,2,0,1
DA:86,281
DA:87,281
DA:90,1068
FN:90,KauraxSwapPair.getReserves
FNDA:1068,KauraxSwapPair.getReserves
DA:95,1624
DA:105,278
FN:105,KauraxSwapPair.mint
FNDA:278,KauraxSwapPair.mint
DA:106,278
DA:107,278
DA:108,278
DA:109,278
DA:110,278
DA:112,278
DA:113,278
BRDA:113,3,0,276
BRDA:113,3,1,-
DA:114,276
DA:117,276
DA:120,2
DA:121,2
DA:122,2
DA:125,278
BRDA:125,4,0,-
DA:126,278
DA:127,278
DA:129,278
DA:133,3
FN:133,KauraxSwapPair.burn
FNDA:3,KauraxSwapPair.burn
DA:134,3
DA:135,3
DA:136,3
DA:138,3
DA:139,3
DA:140,3
DA:141,3
BRDA:141,5,0,-
DA:143,3
DA:144,3
DA:145,3
DA:147,3
DA:148,3
DA:160,278
FN:160,KauraxSwapPair.swap
FNDA:278,KauraxSwapPair.swap
DA:161,278
BRDA:161,6,0,-
DA:163,278
DA:164,278
BRDA:164,7,0,1
DA:166,277
DA:167,277
DA:172,277
DA:173,277
DA:175,277
BRDA:175,8,0,1
DA:177,276
BRDA:177,9,0,8
DA:178,276
BRDA:178,10,0,268
DA:180,276
DA:181,276
DA:184,276
DA:185,276
DA:186,276
BRDA:186,11,0,1
DA:191,275
DA:192,275
DA:193,275
BRDA:193,12,0,1
DA:194,1
DA:198,274
DA:199,274
DA:203,0
FN:203,KauraxSwapPair.sync
FNDA:0,KauraxSwapPair.sync
DA:204,0
DA:208,0
FN:208,KauraxSwapPair.skim
FNDA:0,KauraxSwapPair.skim
DA:209,0
DA:210,0
DA:211,0
DA:212,0
DA:219,0
FN:219,KauraxSwapPair.transfer
FNDA:0,KauraxSwapPair.transfer
DA:220,0
DA:221,0
DA:224,3
FN:224,KauraxSwapPair.approve
FNDA:3,KauraxSwapPair.approve
DA:225,3
DA:226,3
DA:227,3
DA:230,3
FN:230,KauraxSwapPair.transferFrom
FNDA:3,KauraxSwapPair.transferFrom
DA:231,3
DA:232,3
BRDA:232,13,0,3
DA:233,3
BRDA:233,14,0,-
DA:235,3
DA:238,3
DA:239,3
DA:246,555
FN:246,KauraxSwapPair._update
FNDA:555,KauraxSwapPair._update
DA:247,555
BRDA:247,15,0,-
DA:248,555
DA:249,555
DA:250,555
DA:251,555
DA:254,554
FN:254,KauraxSwapPair._mint
FNDA:554,KauraxSwapPair._mint
DA:255,554
DA:256,554
DA:257,554
DA:260,3
FN:260,KauraxSwapPair._burn
FNDA:3,KauraxSwapPair._burn
DA:261,3
DA:262,3
DA:263,3
DA:266,3
FN:266,KauraxSwapPair._transfer
FNDA:3,KauraxSwapPair._transfer
DA:267,3
DA:268,3
BRDA:268,16,0,-
DA:270,3
DA:271,3
DA:273,3
DA:277,282
FN:277,KauraxSwapPair._safeTransfer
FNDA:282,KauraxSwapPair._safeTransfer
DA:278,282
DA:279,282
BRDA:279,17,0,-
DA:282,276
FN:282,KauraxSwapPair._sqrt
FNDA:276,KauraxSwapPair._sqrt
DA:283,276
BRDA:283,18,0,276
BRDA:283,18,1,-
DA:284,276
DA:285,276
DA:286,22554
DA:287,22278
DA:288,22278
DA:290,0
BRDA:290,19,0,-
DA:291,0
FNF:18
FNH:15
LF:118
LH:106
BRF:22
BRH:11
end_of_record
TN:
SF:src/apps/KauraxSwapRouter.sol
DA:41,272
FN:41,KauraxSwapRouter.ensure
FNDA:272,KauraxSwapRouter.ensure
DA:42,272
BRDA:42,0,0,1
DA:46,30
FN:46,KauraxSwapRouter.constructor
FNDA:30,KauraxSwapRouter.constructor
DA:47,30
BRDA:47,1,0,-
DA:48,30
DA:49,30
DA:54,2
FN:54,KauraxSwapRouter.receive
FNDA:2,KauraxSwapRouter.receive
DA:55,2
BRDA:55,2,0,-
DA:62,273
FN:62,KauraxSwapRouter.addLiquidity
FNDA:273,KauraxSwapRouter.addLiquidity
DA:72,273
DA:75,273
DA:76,273
DA:77,273
DA:78,273
DA:82,5
FN:82,KauraxSwapRouter.addLiquidityKAX
FNDA:5,KauraxSwapRouter.addLiquidityKAX
DA:90,5
DA:94,5
DA:95,5
DA:97,5
DA:98,5
BRDA:98,3,0,-
DA:100,5
DA:102,5
BRDA:102,4,0,1
DA:105,2
FN:105,KauraxSwapRouter.removeLiquidity
FNDA:2,KauraxSwapRouter.removeLiquidity
DA:114,3
DA:115,3
DA:117,3
DA:118,3
DA:119,3
DA:121,3
BRDA:121,5,0,-
DA:122,3
BRDA:122,6,0,-
DA:125,1
FN:125,KauraxSwapRouter.removeLiquidityKAX
FNDA:1,KauraxSwapRouter.removeLiquidityKAX
DA:134,1
DA:137,1
DA:138,1
DA:139,1
DA:146,272
FN:146,KauraxSwapRouter.swapExactTokensForTokens
FNDA:272,KauraxSwapRouter.swapExactTokensForTokens
DA:153,271
DA:154,271
DA:155,271
BRDA:155,7,0,1
DA:157,270
DA:158,270
DA:161,2
FN:161,KauraxSwapRouter.swapTokensForExactTokens
FNDA:2,KauraxSwapRouter.swapTokensForExactTokens
DA:168,2
DA:169,2
BRDA:169,8,0,1
DA:171,1
DA:172,1
DA:176,2
FN:176,KauraxSwapRouter.swapExactKAXForTokens
FNDA:2,KauraxSwapRouter.swapExactKAXForTokens
DA:182,2
BRDA:182,9,0,1
DA:184,1
DA:185,1
DA:186,1
BRDA:186,10,0,-
DA:188,1
DA:189,1
BRDA:189,11,0,-
DA:190,1
DA:194,1
FN:194,KauraxSwapRouter.swapExactTokensForKAX
FNDA:1,KauraxSwapRouter.swapExactTokensForKAX
DA:201,1
BRDA:201,12,0,-
DA:203,1
DA:204,1
DA:205,1
BRDA:205,13,0,-
DA:207,1
DA:209,1
DA:210,1
DA:211,1
DA:219,0
FN:219,KauraxSwapRouter.quote
FNDA:0,KauraxSwapRouter.quote
DA:220,2
BRDA:220,14,0,-
DA:221,2
BRDA:221,15,0,-
DA:222,2
DA:226,768
FN:226,KauraxSwapRouter.getAmountOut
FNDA:768,KauraxSwapRouter.getAmountOut
DA:231,1043
BRDA:231,16,0,-
DA:232,1043
BRDA:232,17,0,-
DA:234,1043
DA:235,1043
DA:241,256
FN:241,KauraxSwapRouter.getAmountIn
FNDA:256,KauraxSwapRouter.getAmountIn
DA:246,258
BRDA:246,18,0,-
DA:247,258
BRDA:247,19,0,-
DA:248,258
BRDA:248,20,0,-
DA:250,258
DA:253,1
FN:253,KauraxSwapRouter.getAmountsOut
FNDA:1,KauraxSwapRouter.getAmountsOut
DA:258,274
BRDA:258,21,0,-
DA:259,274
DA:260,274
DA:261,274
DA:262,275
DA:263,275
DA:267,0
FN:267,KauraxSwapRouter.getAmountsIn
FNDA:0,KauraxSwapRouter.getAmountsIn
DA:272,2
BRDA:272,22,0,-
DA:273,2
DA:274,2
DA:275,2
DA:276,2
DA:277,2
DA:282,0
FN:282,KauraxSwapRouter.getReserves
FNDA:0,KauraxSwapRouter.getReserves
DA:287,555
DA:288,555
DA:289,555
DA:290,555
DA:297,278
FN:297,KauraxSwapRouter._computeLiquidity
FNDA:278,KauraxSwapRouter._computeLiquidity
DA:305,278
BRDA:305,23,0,276
DA:306,276
DA:309,278
DA:310,278
BRDA:310,24,0,276
DA:312,276
DA:315,2
DA:316,2
BRDA:316,25,0,2
DA:317,2
BRDA:317,26,0,-
DA:318,2
DA:321,0
DA:322,0
BRDA:322,27,0,-
DA:323,0
DA:326,273
FN:326,KauraxSwapRouter._swap
FNDA:273,KauraxSwapRouter._swap
DA:327,273
DA:328,274
DA:329,274
DA:330,274
DA:331,274
DA:332,274
DA:334,274
DA:335,274
DA:339,1384
FN:339,KauraxSwapRouter._pairFor
FNDA:1384,KauraxSwapRouter._pairFor
DA:340,1384
DA:341,1384
BRDA:341,28,0,-
DA:344,832
FN:344,KauraxSwapRouter._sortTokens
FNDA:832,KauraxSwapRouter._sortTokens
DA:349,832
BRDA:349,29,0,-
DA:350,832
DA:351,832
BRDA:351,30,0,-
DA:354,1
FN:354,KauraxSwapRouter._safeTransfer
FNDA:1,KauraxSwapRouter._safeTransfer
DA:355,1
DA:356,1
BRDA:356,31,0,-
DA:359,826
FN:359,KauraxSwapRouter._safeTransferFrom
FNDA:826,KauraxSwapRouter._safeTransferFrom
DA:360,826
DA:361,826
BRDA:361,32,0,-
DA:364,3
FN:364,KauraxSwapRouter._sendKAX
FNDA:3,KauraxSwapRouter._sendKAX
DA:365,3
DA:366,3
BRDA:366,33,0,-
FNF:24
FNH:21
LF:134
LH:128
BRF:34
BRH:8
end_of_record
TN:
SF:src/apps/WKAX.sol
DA:29,1
FN:29,WKAX.receive
FNDA:1,WKAX.receive
DA:30,1
DA:33,8
FN:33,WKAX.deposit
FNDA:8,WKAX.deposit
DA:34,9
DA:35,9
DA:36,9
DA:37,9
DA:40,4
FN:40,WKAX.withdraw
FNDA:4,WKAX.withdraw
DA:41,4
DA:42,4
BRDA:42,0,0,1
DA:46,3
DA:47,3
DA:50,3
DA:51,3
DA:53,3
DA:54,3
BRDA:54,1,0,-
DA:57,8
FN:57,WKAX.transfer
FNDA:8,WKAX.transfer
DA:58,8
DA:59,8
DA:62,0
FN:62,WKAX.approve
FNDA:0,WKAX.approve
DA:63,0
DA:64,0
DA:65,0
DA:68,0
FN:68,WKAX.transferFrom
FNDA:0,WKAX.transferFrom
DA:69,0
DA:70,0
BRDA:70,2,0,-
DA:71,0
BRDA:71,3,0,-
DA:73,0
DA:76,0
DA:77,0
DA:80,8
FN:80,WKAX._transfer
FNDA:8,WKAX._transfer
DA:81,8
DA:82,8
BRDA:82,4,0,-
DA:84,8
DA:85,8
DA:87,8
FNF:7
FNH:5
LF:36
LH:25
BRF:5
BRH:1
end_of_record
TN:
SF:src/dispute/KauraxDisputeGame.sol
DA:154,55
FN:154,KauraxDisputeGame.constructor
FNDA:55,KauraxDisputeGame.constructor
DA:162,55
BRDA:162,0,0,-
DA:166,55
BRDA:166,1,0,1
DA:167,54
BRDA:167,2,0,1
DA:173,53
DA:174,53
BRDA:174,3,0,-
DA:175,0
DA:178,53
DA:179,53
DA:180,53
DA:181,53
DA:182,53
DA:183,53
DA:198,11
FN:198,KauraxDisputeGame.onlyGuardian
FNDA:11,KauraxDisputeGame.onlyGuardian
DA:199,11
BRDA:199,4,0,2
DA:210,970
FN:210,KauraxDisputeGame.challenge
FNDA:970,KauraxDisputeGame.challenge
DA:211,970
BRDA:211,5,0,1
DA:213,969
DA:214,969
BRDA:214,6,0,2
DA:216,967
DA:217,967
BRDA:217,7,0,2
DA:219,965
DA:220,965
BRDA:220,8,0,-
DA:228,965
BRDA:228,9,0,1
DA:232,964
DA:233,964
DA:234,964
DA:235,964
BRDA:235,10,0,-
DA:237,964
DA:238,964
DA:253,964
DA:255,964
DA:264,880
FN:264,KauraxDisputeGame.defend
FNDA:880,KauraxDisputeGame.defend
DA:265,880
DA:266,880
BRDA:266,11,0,1
DA:267,879
BRDA:267,12,0,1
DA:268,878
DA:270,877
DA:271,877
DA:276,877
BRDA:276,13,0,1
DA:277,1
DA:278,1
DA:279,1
DA:282,876
DA:283,876
DA:284,876
DA:294,874
FN:294,KauraxDisputeGame.bisect
FNDA:874,KauraxDisputeGame.bisect
DA:295,874
DA:296,874
BRDA:296,14,0,1
DA:297,873
BRDA:297,15,0,1
DA:298,872
DA:300,872
DA:301,445
BRDA:301,16,0,445
BRDA:301,16,1,427
DA:302,445
DA:304,427
DA:307,872
BRDA:307,17,0,267
BRDA:307,17,1,605
DA:309,267
DA:310,267
DA:311,267
DA:313,605
DA:314,605
DA:317,872
DA:333,11
FN:333,KauraxDisputeGame.resolve
FNDA:11,KauraxDisputeGame.resolve
DA:337,9
DA:338,9
BRDA:338,18,0,3
DA:339,0
BRDA:339,19,0,-
DA:341,3
BRDA:341,20,0,3
BRDA:341,20,1,3
DA:342,3
DA:343,3
DA:344,3
DA:346,3
DA:347,3
DA:357,688
FN:357,KauraxDisputeGame.resolveTimeout
FNDA:688,KauraxDisputeGame.resolveTimeout
DA:358,688
DA:359,2
BRDA:359,21,0,2
DA:360,686
BRDA:360,22,0,1
DA:362,685
BRDA:362,23,0,680
BRDA:362,23,1,2
DA:364,680
DA:365,680
DA:366,680
DA:367,5
BRDA:367,24,0,3
BRDA:367,24,1,2
DA:369,3
DA:370,3
DA:371,2
BRDA:371,25,0,2
BRDA:371,25,1,2
DA:378,2
DA:379,2
DA:381,0
DA:388,0
FN:388,KauraxDisputeGame.cancelOrphaned
FNDA:0,KauraxDisputeGame.cancelOrphaned
DA:389,0
DA:390,0
BRDA:390,26,0,-
DA:391,0
BRDA:391,27,0,-
DA:392,0
BRDA:392,28,0,-
DA:394,0
DA:395,0
DA:402,689
FN:402,KauraxDisputeGame._settle
FNDA:689,KauraxDisputeGame._settle
DA:410,689
DA:413,689
DA:414,689
DA:415,689
DA:416,689
DA:418,689
DA:419,689
BRDA:419,29,0,6
DA:421,689
DA:422,689
BRDA:422,30,0,689
DA:423,689
DA:437,683
FN:437,KauraxDisputeGame._deleteAndRecover
FNDA:683,KauraxDisputeGame._deleteAndRecover
DA:438,683
DA:439,683
BRDA:439,31,0,683
DA:443,683
BRDA:443,32,0,683
DA:444,7
DA:449,0
BRDA:449,31,1,-
DA:452,0
DA:458,6
FN:458,KauraxDisputeGame.hasLiveGame
FNDA:6,KauraxDisputeGame.hasLiveGame
DA:459,6
DA:460,6
BRDA:460,33,0,4
DA:461,2
DA:464,2
FN:464,KauraxDisputeGame._refundBoth
FNDA:2,KauraxDisputeGame._refundBoth
DA:465,2
DA:468,2
DA:469,2
DA:470,2
DA:471,2
DA:473,2
DA:474,2
BRDA:474,34,0,2
DA:475,2
BRDA:475,35,0,-
DA:480,691
FN:480,KauraxDisputeGame._pay
FNDA:691,KauraxDisputeGame._pay
DA:481,691
DA:482,691
BRDA:482,36,0,1
DA:483,690
DA:486,4727
FN:486,KauraxDisputeGame._game
FNDA:4727,KauraxDisputeGame._game
DA:487,4727
BRDA:487,37,0,1
DA:488,4726
DA:491,1750
FN:491,KauraxDisputeGame._requireLive
FNDA:1750,KauraxDisputeGame._requireLive
DA:492,1750
BRDA:492,38,0,1
DA:497,0
FN:497,KauraxDisputeGame.gameCount
FNDA:0,KauraxDisputeGame.gameCount
DA:498,0
DA:504,2276
FN:504,KauraxDisputeGame.getGame
FNDA:2276,KauraxDisputeGame.getGame
DA:505,2276
DA:509,1
FN:509,KauraxDisputeGame.liveGame
FNDA:1,KauraxDisputeGame.liveGame
DA:510,1
DA:511,1
DA:515,0
FN:515,KauraxDisputeGame.movesRemaining
FNDA:0,KauraxDisputeGame.movesRemaining
DA:516,0
DA:517,0
DA:518,0
DA:519,0
DA:520,0
DA:521,0
DA:523,0
DA:527,1
FN:527,KauraxDisputeGame.isFaultProof
FNDA:1,KauraxDisputeGame.isFaultProof
DA:528,1
DA:531,1
FN:531,KauraxDisputeGame.resolutionMechanism
FNDA:1,KauraxDisputeGame.resolutionMechanism
DA:532,1
DA:537,2
FN:537,KauraxDisputeGame.setGuardian
FNDA:2,KauraxDisputeGame.setGuardian
DA:538,1
BRDA:538,39,0,-
DA:539,1
DA:540,1
FNF:22
FNH:19
LF:157
LH:135
BRF:47
BRH:36
end_of_record
TN:
SF:src/dispute/KauraxFaultDisputeGame.sol
DA:155,35
FN:155,KauraxFaultDisputeGame.constructor
FNDA:35,KauraxFaultDisputeGame.constructor
DA:162,35
BRDA:162,0,0,-
DA:164,35
BRDA:164,1,0,-
DA:166,35
BRDA:166,2,0,-
DA:169,35
BRDA:169,3,0,-
DA:171,35
DA:172,35
DA:173,35
DA:174,35
DA:175,35
DA:181,542
FN:181,KauraxFaultDisputeGame.postClaim
FNDA:542,KauraxFaultDisputeGame.postClaim
DA:186,542
BRDA:186,4,0,1
DA:187,541
BRDA:187,5,0,2
DA:189,539
DA:190,539
DA:203,539
DA:204,539
DA:210,3
FN:210,KauraxFaultDisputeGame.withdrawClaimBond
FNDA:3,KauraxFaultDisputeGame.withdrawClaimBond
DA:211,3
DA:212,3
BRDA:212,6,0,-
DA:213,0
BRDA:213,7,0,-
DA:214,1
BRDA:214,8,0,1
DA:216,2
DA:217,2
BRDA:217,9,0,1
DA:219,1
DA:220,1
DA:221,1
DA:222,1
DA:223,1
DA:229,538
FN:229,KauraxFaultDisputeGame.challenge
FNDA:538,KauraxFaultDisputeGame.challenge
DA:230,538
BRDA:230,10,0,1
DA:231,537
DA:232,1
BRDA:232,11,0,1
DA:233,0
BRDA:233,12,0,-
DA:236,536
BRDA:236,13,0,1
DA:238,535
DA:240,535
DA:241,535
DA:259,535
DA:261,535
DA:262,535
DA:266,1582
FN:266,KauraxFaultDisputeGame.defend
FNDA:1582,KauraxFaultDisputeGame.defend
DA:267,1582
DA:268,1582
BRDA:268,14,0,-
DA:269,1582
BRDA:269,15,0,-
DA:270,1582
DA:272,1582
DA:273,1582
DA:274,1582
DA:275,1582
DA:276,1582
DA:286,1582
FN:286,KauraxFaultDisputeGame.dispute
FNDA:1582,KauraxFaultDisputeGame.dispute
DA:287,1582
DA:288,1582
BRDA:288,16,0,-
DA:289,1582
BRDA:289,17,0,1
DA:290,1581
DA:292,1581
DA:293,733
BRDA:293,18,0,733
BRDA:293,18,1,848
DA:294,733
DA:295,733
DA:297,848
DA:298,848
DA:300,1581
DA:301,1581
DA:302,1581
DA:304,1581
DA:308,1062
FN:308,KauraxFaultDisputeGame.descend
FNDA:1062,KauraxFaultDisputeGame.descend
DA:309,1062
DA:310,1062
BRDA:310,19,0,1
DA:311,1061
BRDA:311,20,0,1
DA:312,1060
BRDA:312,21,0,1
DA:313,1059
BRDA:313,22,0,-
DA:314,1059
BRDA:314,23,0,1
DA:315,1058
DA:319,1058
DA:320,1058
DA:321,1058
DA:322,1058
DA:323,1058
DA:325,1058
DA:326,1058
DA:334,270
FN:334,KauraxFaultDisputeGame.proveStep
FNDA:270,KauraxFaultDisputeGame.proveStep
DA:335,270
DA:336,1
BRDA:336,24,0,1
DA:337,269
BRDA:337,25,0,-
DA:339,269
DA:340,266
DA:342,266
DA:344,260
BRDA:344,26,0,260
BRDA:344,26,1,6
DA:345,260
DA:346,260
DA:348,6
DA:349,6
DA:356,5
FN:356,KauraxFaultDisputeGame.resolveTimeout
FNDA:5,KauraxFaultDisputeGame.resolveTimeout
DA:357,5
DA:358,1
BRDA:358,27,0,1
DA:359,4
BRDA:359,28,0,1
DA:361,3
BRDA:361,29,0,1
BRDA:361,29,1,1
DA:362,1
DA:363,1
DA:364,2
BRDA:364,30,0,1
BRDA:364,30,1,1
DA:365,1
DA:366,1
DA:367,1
BRDA:367,31,0,1
BRDA:367,31,1,1
DA:371,1
DA:372,1
DA:374,0
DA:382,3174
FN:382,KauraxFaultDisputeGame._maybeNarrow
FNDA:3174,KauraxFaultDisputeGame._maybeNarrow
DA:383,3174
BRDA:383,32,0,3174
DA:384,1591
BRDA:384,33,0,527
BRDA:384,33,1,1064
DA:385,527
DA:386,527
DA:387,527
DA:389,1064
DA:390,1064
DA:394,3163
FN:394,KauraxFaultDisputeGame._mid
FNDA:3163,KauraxFaultDisputeGame._mid
DA:395,3163
DA:398,269
FN:398,KauraxFaultDisputeGame._settle
FNDA:269,KauraxFaultDisputeGame._settle
DA:399,269
DA:400,269
DA:401,269
DA:402,269
DA:403,269
DA:404,269
BRDA:404,34,0,269
DA:405,269
DA:406,269
DA:412,12
FN:412,KauraxFaultDisputeGame.withdraw
FNDA:12,KauraxFaultDisputeGame.withdraw
DA:413,12
DA:414,12
BRDA:414,35,0,1
DA:415,11
DA:416,11
DA:417,11
DA:420,12
FN:420,KauraxFaultDisputeGame._pay
FNDA:12,KauraxFaultDisputeGame._pay
DA:421,12
DA:422,12
BRDA:422,36,0,1
DA:425,4221
FN:425,KauraxFaultDisputeGame._requireLive
FNDA:4221,KauraxFaultDisputeGame._requireLive
DA:426,0
BRDA:426,37,0,-
DA:427,4221
BRDA:427,38,0,-
DA:430,7398
FN:430,KauraxFaultDisputeGame._game
FNDA:7398,KauraxFaultDisputeGame._game
DA:431,7398
BRDA:431,39,0,1
DA:432,7397
DA:435,541
FN:435,KauraxFaultDisputeGame._claim
FNDA:541,KauraxFaultDisputeGame._claim
DA:436,541
BRDA:436,40,0,1
DA:437,540
DA:442,0
FN:442,KauraxFaultDisputeGame.gameCount
FNDA:0,KauraxFaultDisputeGame.gameCount
DA:443,0
DA:446,0
FN:446,KauraxFaultDisputeGame.claimCount
FNDA:0,KauraxFaultDisputeGame.claimCount
DA:447,0
DA:450,2897
FN:450,KauraxFaultDisputeGame.getGame
FNDA:2897,KauraxFaultDisputeGame.getGame
DA:451,2897
DA:454,1
FN:454,KauraxFaultDisputeGame.getClaim
FNDA:1,KauraxFaultDisputeGame.getClaim
DA:455,1
DA:461,0
FN:461,KauraxFaultDisputeGame.isFaultProof
FNDA:0,KauraxFaultDisputeGame.isFaultProof
DA:462,0
DA:465,0
FN:465,KauraxFaultDisputeGame.scope
FNDA:0,KauraxFaultDisputeGame.scope
DA:466,0
DA:472,0
FN:472,KauraxFaultDisputeGame.resolutionMechanism
FNDA:0,KauraxFaultDisputeGame.resolutionMechanism
DA:473,0
FNF:24
FNH:19
LF:158
LH:144
BRF:47
BRH:33
end_of_record
TN:
SF:src/examples/Counter.sol
DA:10,0
FN:10,Counter.setNumber
FNDA:0,Counter.setNumber
DA:11,0
DA:12,0
DA:15,0
FN:15,Counter.increment
FNDA:0,Counter.increment
DA:16,0
DA:18,0
DA:20,0
FNF:2
FNH:0
LF:7
LH:0
BRF:0
BRH:0
end_of_record
TN:
SF:src/examples/HelloKaurax.sol
DA:13,0
FN:13,HelloKaurax.greet
FNDA:0,HelloKaurax.greet
DA:14,0
DA:16,0
DA:18,0
DA:19,0
DA:22,0
FN:22,HelloKaurax.setGreeting
FNDA:0,HelloKaurax.setGreeting
DA:23,0
DA:27,0
FN:27,HelloKaurax.chainId
FNDA:0,HelloKaurax.chainId
DA:28,0
FNF:3
FNH:0
LF:9
LH:0
BRF:0
BRH:0
end_of_record
TN:
SF:src/examples/KauraxToken.sol
DA:24,94
FN:24,KauraxToken.constructor
FNDA:94,KauraxToken.constructor
DA:25,94
DA:26,94
DA:27,94
DA:28,94
DA:29,94
BRDA:29,0,0,94
DA:30,94
DA:31,94
DA:32,94
DA:36,0
FN:36,KauraxToken.mint
FNDA:0,KauraxToken.mint
DA:37,0
BRDA:37,1,0,-
DA:38,0
DA:39,0
DA:40,0
DA:43,679
FN:43,KauraxToken.transfer
FNDA:679,KauraxToken.transfer
DA:44,679
DA:45,679
DA:48,1351
FN:48,KauraxToken.approve
FNDA:1351,KauraxToken.approve
DA:49,1351
DA:50,1351
DA:51,1351
DA:54,1358
FN:54,KauraxToken.transferFrom
FNDA:1358,KauraxToken.transferFrom
DA:55,1358
DA:56,1358
BRDA:56,2,0,535
DA:57,535
BRDA:57,3,0,-
DA:59,535
DA:62,1358
DA:63,1358
DA:66,2037
FN:66,KauraxToken._transfer
FNDA:2037,KauraxToken._transfer
DA:67,2037
DA:68,2037
BRDA:68,4,0,-
DA:70,2037
DA:71,2037
DA:73,2037
FNF:6
FNH:5
LF:34
LH:29
BRF:5
BRH:2
end_of_record
TN:
SF:src/examples/SimpleStorage.sol
DA:11,0
FN:11,SimpleStorage.set
FNDA:0,SimpleStorage.set
DA:12,0
DA:13,0
DA:16,0
FN:16,SimpleStorage.get
FNDA:0,SimpleStorage.get
DA:17,0
DA:20,0
FN:20,SimpleStorage.getFor
FNDA:0,SimpleStorage.getFor
DA:21,0
FNF:3
FNH:0
LF:7
LH:0
BRF:0
BRH:0
end_of_record
TN:
SF:src/governance/KauraxMultisig.sol
DA:75,1
FN:75,KauraxMultisig.onlyOwner
FNDA:1,KauraxMultisig.onlyOwner
DA:76,1
BRDA:76,0,0,-
DA:81,5
FN:81,KauraxMultisig.onlySelf
FNDA:5,KauraxMultisig.onlySelf
DA:82,5
BRDA:82,1,0,-
DA:86,30
FN:86,KauraxMultisig.constructor
FNDA:30,KauraxMultisig.constructor
DA:87,30
BRDA:87,2,0,-
DA:88,30
BRDA:88,3,0,2
DA:89,2
DA:92,28
DA:93,83
DA:94,83
BRDA:94,4,0,-
DA:95,1
BRDA:95,5,0,1
DA:96,82
DA:97,82
DA:98,82
DA:101,27
DA:102,27
DA:105,0
FN:105,KauraxMultisig.receive
FNDA:0,KauraxMultisig.receive
DA:106,0
DA:114,28
FN:114,KauraxMultisig.submit
FNDA:28,KauraxMultisig.submit
DA:119,27
BRDA:119,6,0,-
DA:121,27
DA:122,27
DA:134,27
DA:135,27
DA:138,25
FN:138,KauraxMultisig.confirm
FNDA:25,KauraxMultisig.confirm
DA:139,24
DA:142,1
FN:142,KauraxMultisig.revokeConfirmation
FNDA:1,KauraxMultisig.revokeConfirmation
DA:143,1
DA:144,0
BRDA:144,7,0,-
DA:145,1
BRDA:145,8,0,-
DA:147,1
DA:149,1
DA:151,1
DA:155,25
FN:155,KauraxMultisig.execute
FNDA:25,KauraxMultisig.execute
DA:156,24
DA:157,1
BRDA:157,9,0,1
DA:159,23
BRDA:159,10,0,1
DA:160,22
BRDA:160,11,0,1
DA:163,21
DA:165,21
DA:166,21
BRDA:166,12,0,2
DA:167,2
DA:168,2
DA:170,19
DA:179,3
FN:179,KauraxMultisig.addOwner
FNDA:3,KauraxMultisig.addOwner
DA:180,2
BRDA:180,13,0,-
DA:181,0
BRDA:181,14,0,-
DA:183,2
DA:184,2
DA:186,2
DA:188,2
DA:191,5
FN:191,KauraxMultisig.removeOwner
FNDA:5,KauraxMultisig.removeOwner
DA:192,5
BRDA:192,15,0,-
DA:193,5
BRDA:193,16,0,1
DA:195,4
DA:196,4
DA:197,10
BRDA:197,17,0,4
DA:198,4
DA:199,4
DA:200,4
DA:206,4
BRDA:206,18,0,2
DA:207,2
DA:208,2
DA:212,4
DA:214,4
DA:217,0
FN:217,KauraxMultisig.changeThreshold
FNDA:0,KauraxMultisig.changeThreshold
DA:218,0
BRDA:218,19,0,-
DA:219,0
DA:221,0
DA:222,0
DA:224,0
DA:232,0
FN:232,KauraxMultisig.owners
FNDA:0,KauraxMultisig.owners
DA:233,0
DA:236,3
FN:236,KauraxMultisig.ownerCount
FNDA:3,KauraxMultisig.ownerCount
DA:237,3
DA:240,0
FN:240,KauraxMultisig.transactionCount
FNDA:0,KauraxMultisig.transactionCount
DA:241,0
DA:244,2
FN:244,KauraxMultisig.getTransaction
FNDA:2,KauraxMultisig.getTransaction
DA:257,2
DA:258,2
DA:262,6
FN:262,KauraxMultisig.isExecutable
FNDA:6,KauraxMultisig.isExecutable
DA:263,6
BRDA:263,20,0,-
DA:264,6
DA:265,6
DA:270,51
FN:270,KauraxMultisig._confirm
FNDA:51,KauraxMultisig._confirm
DA:271,51
DA:272,0
BRDA:272,21,0,-
DA:273,51
BRDA:273,22,0,-
DA:274,1
BRDA:274,23,0,1
DA:276,50
DA:278,50
DA:280,50
DA:283,78
FN:283,KauraxMultisig._load
FNDA:78,KauraxMultisig._load
DA:284,78
BRDA:284,24,0,-
DA:285,78
FNF:18
FNH:14
LF:96
LH:81
BRF:25
BRH:10
end_of_record
TN:
SF:src/governance/KauraxTimelock.sol
DA:77,10
FN:77,KauraxTimelock.onlyProposer
FNDA:10,KauraxTimelock.onlyProposer
DA:78,10
BRDA:78,0,0,1
DA:82,0
FN:82,KauraxTimelock.onlySelf
FNDA:0,KauraxTimelock.onlySelf
DA:83,0
BRDA:83,1,0,-
DA:87,27
FN:87,KauraxTimelock.constructor
FNDA:27,KauraxTimelock.constructor
DA:94,27
BRDA:94,2,0,-
DA:95,27
BRDA:95,3,0,-
DA:97,27
DA:98,27
DA:99,27
DA:100,27
DA:101,27
DA:103,27
DA:104,27
DA:105,27
DA:106,27
DA:114,0
FN:114,KauraxTimelock.operationId
FNDA:0,KauraxTimelock.operationId
DA:119,24
DA:122,10
FN:122,KauraxTimelock.schedule
FNDA:10,KauraxTimelock.schedule
DA:129,9
BRDA:129,4,0,-
DA:131,9
DA:132,9
BRDA:132,5,0,-
DA:133,0
BRDA:133,6,0,-
DA:135,9
DA:136,9
DA:138,9
DA:141,10
FN:141,KauraxTimelock.execute
FNDA:10,KauraxTimelock.execute
DA:149,10
BRDA:149,7,0,-
DA:151,10
DA:152,10
DA:154,10
BRDA:154,8,0,2
DA:155,0
BRDA:155,9,0,-
DA:156,8
BRDA:156,10,0,2
DA:159,6
DA:162,6
DA:163,6
BRDA:163,11,0,1
DA:165,5
DA:166,5
DA:170,2
FN:170,KauraxTimelock.cancel
FNDA:2,KauraxTimelock.cancel
DA:171,2
BRDA:171,12,0,1
DA:173,1
DA:174,1
BRDA:174,13,0,-
DA:175,0
BRDA:175,14,0,-
DA:178,1
DA:188,3
FN:188,KauraxTimelock.setDelay
FNDA:3,KauraxTimelock.setDelay
DA:189,2
BRDA:189,15,0,1
DA:190,1
DA:191,1
DA:194,1
FN:194,KauraxTimelock.setProposer
FNDA:1,KauraxTimelock.setProposer
DA:195,0
BRDA:195,16,0,-
DA:196,0
DA:197,0
DA:200,0
FN:200,KauraxTimelock.setExecutor
FNDA:0,KauraxTimelock.setExecutor
DA:201,0
DA:202,0
DA:205,0
FN:205,KauraxTimelock.setGuardian
FNDA:0,KauraxTimelock.setGuardian
DA:206,0
DA:207,0
DA:212,4
FN:212,KauraxTimelock.stateOf
FNDA:4,KauraxTimelock.stateOf
DA:217,4
DA:218,1
BRDA:218,17,0,1
DA:219,3
DA:220,3
BRDA:220,18,0,1
DA:221,2
DA:225,0
FN:225,KauraxTimelock.timeUntilReady
FNDA:0,KauraxTimelock.timeUntilReady
DA:230,0
DA:231,0
BRDA:231,19,0,-
DA:232,0
FNF:13
FNH:8
LF:68
LH:49
BRF:20
BRH:8
end_of_record
TN:
SF:src/kvs/KVSGas.sol
DA:41,14
FN:41,KVSGas.memoryCost
FNDA:14,KVSGas.memoryCost
DA:42,14
DA:46,9
FN:46,KVSGas.expansionCost
FNDA:9,KVSGas.expansionCost
DA:47,9
BRDA:47,0,0,2
DA:48,7
FNF:2
FNH:2
LF:5
LH:5
BRF:1
BRH:1
end_of_record
TN:
SF:src/kvs/KVSMerkle.sol
DA:26,8505
FN:26,KVSMerkle.zeroRoot
FNDA:8505,KVSMerkle.zeroRoot
DA:27,8505
DA:28,8505
DA:29,103986
DA:39,3984
FN:39,KVSMerkle.computeRoot
FNDA:3984,KVSMerkle.computeRoot
DA:44,3984
DA:46,3984
BRDA:46,0,0,1
DA:48,3983
DA:49,3983
DA:50,3983
DA:51,70639
DA:54,70639
DA:56,3983
DA:63,1385
FN:63,KVSMerkle.update
FNDA:1385,KVSMerkle.update
DA:70,1385
DA:71,1385
BRDA:71,1,0,5
DA:72,1380
FNF:3
FNH:3
LF:17
LH:17
BRF:2
BRH:2
end_of_record
TN:
SF:src/kvs/KVSTypes.sol
DA:73,1388
FN:73,KVSTypes.hashState
FNDA:1388,KVSTypes.hashState
DA:74,1388
DA:93,692
FN:93,KVSTypes.isTerminal
FNDA:692,KVSTypes.isTerminal
DA:94,692
FNF:2
FNH:2
LF:4
LH:4
BRF:0
BRH:0
end_of_record
TN:
SF:src/kvs/KauraxOneStepVerifier.sol
DA:77,694
FN:77,KauraxOneStepVerifier.step
FNDA:694,KauraxOneStepVerifier.step
DA:78,694
DA:80,694
DA:81,694
BRDA:81,0,0,2
DA:83,692
BRDA:83,1,0,1
DA:85,691
DA:86,691
BRDA:86,2,0,1
DA:88,690
DA:89,690
DA:91,686
BRDA:91,3,0,35
DA:95,35
DA:96,35
DA:97,35
DA:98,35
DA:99,35
DA:101,651
DA:105,5
FN:105,KauraxOneStepVerifier.hashState
FNDA:5,KauraxOneStepVerifier.hashState
DA:106,5
DA:110,1
FN:110,KauraxOneStepVerifier.coverage
FNDA:1,KauraxOneStepVerifier.coverage
DA:111,1
DA:119,690
FN:119,KauraxOneStepVerifier._execute
FNDA:690,KauraxOneStepVerifier._execute
DA:120,690
DA:122,690
BRDA:122,4,0,80
DA:124,80
DA:125,80
DA:127,610
BRDA:127,5,0,3
DA:130,607
BRDA:130,6,0,93
DA:132,514
BRDA:132,7,0,4
DA:134,510
BRDA:134,8,0,2
DA:136,508
BRDA:136,9,0,3
DA:137,505
BRDA:137,10,0,4
DA:138,501
BRDA:138,11,0,10
DA:139,491
BRDA:139,12,0,80
DA:140,411
BRDA:140,13,0,6
DA:141,405
BRDA:141,14,0,6
DA:142,399
BRDA:142,15,0,1
DA:143,398
BRDA:143,16,0,373
DA:144,25
BRDA:144,17,0,3
DA:145,22
BRDA:145,18,0,9
DA:146,13
BRDA:146,19,0,8
DA:151,5
DA:156,607
FN:156,KauraxOneStepVerifier._isBinary
FNDA:607,KauraxOneStepVerifier._isBinary
DA:157,607
DA:158,546
DA:159,537
DA:163,93
FN:163,KauraxOneStepVerifier._binary
FNDA:93,KauraxOneStepVerifier._binary
DA:164,93
BRDA:164,20,0,6
DA:165,87
DA:166,87
BRDA:166,21,0,45
DA:167,87
BRDA:167,22,0,-
DA:169,87
DA:170,84
DA:171,84
DA:172,84
DA:173,84
DA:176,4
FN:176,KauraxOneStepVerifier._unary
FNDA:4,KauraxOneStepVerifier._unary
DA:177,4
BRDA:177,23,0,-
DA:178,4
BRDA:178,24,0,-
DA:179,4
DA:181,4
DA:183,4
DA:184,4
DA:187,2
FN:187,KauraxOneStepVerifier._ternary
FNDA:2,KauraxOneStepVerifier._ternary
DA:188,2
BRDA:188,25,0,-
DA:189,2
BRDA:189,26,0,-
DA:190,2
DA:191,2
DA:192,2
DA:193,2
DA:194,2
BRDA:194,27,0,-
BRDA:194,27,1,1
DA:195,0
DA:196,2
BRDA:196,28,0,1
BRDA:196,28,1,1
DA:197,1
DA:199,1
DA:201,2
DA:202,2
DA:203,2
DA:206,4
FN:206,KauraxOneStepVerifier._pop_
FNDA:4,KauraxOneStepVerifier._pop_
DA:207,4
BRDA:207,29,0,-
DA:208,4
BRDA:208,30,0,-
DA:209,4
DA:210,4
DA:211,4
DA:214,6
FN:214,KauraxOneStepVerifier._context
FNDA:6,KauraxOneStepVerifier._context
DA:215,6
BRDA:215,31,0,-
DA:216,6
BRDA:216,32,0,-
DA:217,6
DA:218,6
BRDA:218,33,0,2
BRDA:218,33,1,3
DA:219,4
BRDA:219,34,0,1
BRDA:219,34,1,3
DA:220,3
DA:221,6
DA:222,6
DA:223,6
DA:226,1
FN:226,KauraxOneStepVerifier._jumpdest
FNDA:1,KauraxOneStepVerifier._jumpdest
DA:227,1
BRDA:227,35,0,-
DA:228,1
DA:229,1
DA:232,373
FN:232,KauraxOneStepVerifier._pushOp
FNDA:373,KauraxOneStepVerifier._pushOp
DA:233,373
BRDA:233,36,0,-
DA:234,373
DA:235,373
BRDA:235,37,0,1
DA:238,372
DA:239,372
DA:240,680
DA:242,372
DA:243,371
DA:244,371
DA:247,3
FN:247,KauraxOneStepVerifier._dup
FNDA:3,KauraxOneStepVerifier._dup
DA:248,3
DA:249,3
BRDA:249,38,0,-
DA:250,3
BRDA:250,39,0,-
DA:251,3
BRDA:251,40,0,-
DA:252,3
DA:253,3
DA:254,3
DA:255,3
DA:258,9
FN:258,KauraxOneStepVerifier._swap
FNDA:9,KauraxOneStepVerifier._swap
DA:259,9
DA:260,9
BRDA:260,41,0,4
DA:261,5
BRDA:261,42,0,-
DA:262,5
DA:263,5
DA:264,5
DA:265,5
DA:266,5
DA:267,5
DA:270,6
FN:270,KauraxOneStepVerifier._jump
FNDA:6,KauraxOneStepVerifier._jump
DA:271,6
DA:272,6
BRDA:272,43,0,-
DA:273,6
BRDA:273,44,0,-
DA:275,6
DA:276,6
DA:277,6
BRDA:277,45,0,2
DA:279,6
BRDA:279,46,0,1
DA:280,1
DA:281,1
DA:283,5
BRDA:283,47,0,5
DA:284,0
DA:285,0
DA:288,8
FN:288,KauraxOneStepVerifier._terminate
FNDA:8,KauraxOneStepVerifier._terminate
DA:292,8
BRDA:292,48,0,1
DA:293,7
DA:294,7
DA:295,7
BRDA:295,49,0,5
DA:296,5
BRDA:296,50,0,4
DA:297,1
DA:298,1
BRDA:298,51,0,-
DA:299,1
BRDA:299,52,0,-
DA:301,3
DA:302,3
DA:307,10
FN:307,KauraxOneStepVerifier._memory
FNDA:10,KauraxOneStepVerifier._memory
DA:308,10
DA:309,10
BRDA:309,53,0,-
DA:310,10
BRDA:310,54,0,-
DA:312,10
DA:316,10
BRDA:316,55,0,3
DA:317,7
DA:318,7
BRDA:318,56,0,-
DA:319,7
BRDA:319,57,0,1
DA:321,6
BRDA:321,58,0,3
BRDA:321,58,1,3
DA:322,3
DA:323,3
BRDA:323,59,0,-
DA:324,3
DA:326,3
DA:327,3
DA:329,6
DA:330,6
DA:333,3
FN:333,KauraxOneStepVerifier._keccak
FNDA:3,KauraxOneStepVerifier._keccak
DA:334,3
BRDA:334,60,0,-
DA:335,3
DA:336,3
DA:337,3
BRDA:337,61,0,1
DA:339,2
DA:340,2
DA:341,2
BRDA:341,62,0,-
DA:342,2
BRDA:342,63,0,-
DA:343,0
DA:345,2
BRDA:345,64,0,-
DA:347,2
DA:348,2
DA:350,2
DA:351,2
DA:352,1
DA:353,1
DA:354,32
DA:357,2
DA:358,2
DA:359,2
DA:362,80
FN:362,KauraxOneStepVerifier._storage
FNDA:80,KauraxOneStepVerifier._storage
DA:363,80
DA:364,80
BRDA:364,65,0,-
DA:366,80
BRDA:366,66,0,36
BRDA:366,66,1,43
DA:367,36
BRDA:367,67,0,-
DA:368,36
DA:369,36
DA:370,36
DA:372,44
DA:373,44
DA:374,44
DA:383,44
DA:384,44
BRDA:384,68,0,-
DA:386,44
BRDA:386,69,0,1
DA:387,1
DA:389,43
DA:390,43
DA:391,43
DA:392,43
DA:394,79
DA:395,79
DA:400,592
FN:400,KauraxOneStepVerifier._charge
FNDA:592,KauraxOneStepVerifier._charge
DA:401,592
BRDA:401,70,0,3
DA:402,589
DA:403,589
DA:406,9
FN:406,KauraxOneStepVerifier._chargeExpansion
FNDA:9,KauraxOneStepVerifier._chargeExpansion
DA:407,9
DA:408,9
BRDA:408,71,0,1
DA:409,8
BRDA:409,72,0,6
DA:410,8
DA:413,346
FN:413,KauraxOneStepVerifier._pop
FNDA:346,KauraxOneStepVerifier._pop
DA:414,346
DA:415,346
DA:416,346
DA:417,343
DA:418,343
DA:419,343
DA:425,512
FN:425,KauraxOneStepVerifier._push
FNDA:512,KauraxOneStepVerifier._push
DA:426,512
DA:427,512
DA:429,511
DA:430,511
DA:433,63
FN:433,KauraxOneStepVerifier._peek
FNDA:63,KauraxOneStepVerifier._peek
DA:434,63
DA:435,63
DA:436,63
BRDA:436,73,0,-
DA:437,0
DA:439,63
DA:440,63
DA:443,10
FN:443,KauraxOneStepVerifier._writeAt
FNDA:10,KauraxOneStepVerifier._writeAt
DA:444,10
DA:445,10
DA:446,10
DA:447,10
DA:450,4
FN:450,KauraxOneStepVerifier._memRead
FNDA:4,KauraxOneStepVerifier._memRead
DA:451,4
DA:452,4
BRDA:452,74,0,-
DA:453,0
DA:455,4
DA:456,4
DA:459,3
FN:459,KauraxOneStepVerifier._memWrite
FNDA:3,KauraxOneStepVerifier._memWrite
DA:460,3
DA:461,3
DA:462,3
DA:465,36
FN:465,KauraxOneStepVerifier._storageRead
FNDA:36,KauraxOneStepVerifier._storageRead
DA:466,36
DA:467,36
DA:468,36
BRDA:468,75,0,-
DA:469,0
DA:471,36
DA:472,36
DA:475,690
FN:475,KauraxOneStepVerifier._opAt
FNDA:690,KauraxOneStepVerifier._opAt
DA:478,690
DA:481,680
FN:481,KauraxOneStepVerifier._byteAt
FNDA:680,KauraxOneStepVerifier._byteAt
DA:482,680
DA:487,5
FN:487,KauraxOneStepVerifier._isJumpDest
FNDA:5,KauraxOneStepVerifier._isJumpDest
DA:488,5
BRDA:488,76,0,1
DA:489,4
DA:490,14
DA:491,14
DA:492,14
BRDA:492,77,0,4
DA:493,10
BRDA:493,78,0,5
BRDA:493,78,1,5
DA:494,5
DA:496,5
DA:499,0
DA:502,84
FN:502,KauraxOneStepVerifier._apply2
FNDA:84,KauraxOneStepVerifier._apply2
DA:504,84
BRDA:504,79,0,40
DA:505,44
BRDA:505,80,0,2
DA:506,42
BRDA:506,81,0,2
DA:507,40
BRDA:507,82,0,3
DA:508,37
BRDA:508,83,0,2
DA:509,35
BRDA:509,84,0,1
DA:510,34
BRDA:510,85,0,5
DA:511,29
BRDA:511,86,0,3
DA:512,26
BRDA:512,87,0,2
DA:513,24
BRDA:513,88,0,2
DA:514,22
BRDA:514,89,0,1
DA:515,21
BRDA:515,90,0,1
DA:516,20
BRDA:516,91,0,5
DA:517,15
BRDA:517,92,0,4
DA:518,11
BRDA:518,93,0,-
DA:519,11
BRDA:519,94,0,4
DA:520,7
BRDA:520,95,0,3
DA:521,4
BRDA:521,96,0,1
DA:523,3
BRDA:523,97,0,-
DA:524,3
DA:528,2
FN:528,KauraxOneStepVerifier._sdiv
FNDA:2,KauraxOneStepVerifier._sdiv
DA:529,2
BRDA:529,98,0,-
DA:532,2
BRDA:532,99,0,1
DA:533,1
DA:537,5
FN:537,KauraxOneStepVerifier._smod
FNDA:5,KauraxOneStepVerifier._smod
DA:538,5
BRDA:538,100,0,1
DA:540,4
BRDA:540,101,0,-
DA:541,4
FNF:34
FNH:34
LF:302
LH:294
BRF:109
BRH:71
end_of_record
TN:
SF:src/libraries/AddressAliasHelper.sol
DA:15,707
FN:15,AddressAliasHelper.applyAliasIfContract
FNDA:707,AddressAliasHelper.applyAliasIfContract
DA:17,707
BRDA:17,0,0,702
DA:18,5
DA:21,16
FN:21,AddressAliasHelper.applyAlias
FNDA:16,AddressAliasHelper.applyAlias
DA:23,16
DA:27,0
FN:27,AddressAliasHelper.undoAlias
FNDA:0,AddressAliasHelper.undoAlias
DA:29,0
FNF:3
FNH:2
LF:7
LH:5
BRF:1
BRH:1
end_of_record
TN:
SF:src/libraries/DeployGuard.sol
DA:32,5
FN:32,DeployGuard.mustHaveCode
FNDA:5,DeployGuard.mustHaveCode
DA:33,5
BRDA:33,0,0,1
DA:34,4
BRDA:34,1,0,3
DA:39,258
FN:39,DeployGuard.hasCode
FNDA:258,DeployGuard.hasCode
DA:40,258
DA:48,2
FN:48,DeployGuard.mustBeDeployed
FNDA:2,DeployGuard.mustBeDeployed
DA:49,2
BRDA:49,2,0,1
DA:50,1
FNF:3
FNH:3
LF:8
LH:8
BRF:3
BRH:3
end_of_record
TN:
SF:src/libraries/Hashing.sol
DA:17,33
FN:17,Hashing.hashOutputRoot
FNDA:33,Hashing.hashOutputRoot
DA:18,33
DA:25,72
FN:25,Hashing.hashWithdrawal
FNDA:72,Hashing.hashWithdrawal
DA:26,72
DA:33,0
FN:33,Hashing.hashDeposit
FNDA:0,Hashing.hashDeposit
DA:38,0
FNF:3
FNH:2
LF:6
LH:4
BRF:0
BRH:0
end_of_record
TN:
SF:src/libraries/MerkleTree.sol
DA:36,0
FN:36,MerkleTree.zeroHash
FNDA:0,MerkleTree.zeroHash
DA:37,0
DA:38,0
DA:39,0
DA:44,4118
FN:44,MerkleTree.insert
FNDA:4118,MerkleTree.insert
DA:45,4118
DA:46,4118
DA:47,4118
DA:49,4118
DA:50,4118
DA:51,7309
BRDA:51,0,0,4118
DA:52,4118
DA:53,4118
DA:55,3191
DA:56,3191
DA:59,0
DA:65,556
FN:65,MerkleTree.root
FNDA:556,MerkleTree.root
DA:66,556
DA:67,556
DA:68,556
DA:69,556
DA:70,17792
BRDA:70,1,0,955
BRDA:70,1,1,955
DA:71,955
DA:73,16837
DA:75,17792
DA:76,17792
DA:78,556
DA:83,284
FN:83,MerkleTree.verify
FNDA:284,MerkleTree.verify
DA:88,284
BRDA:88,2,0,1
DA:90,283
DA:91,283
DA:92,283
DA:93,9056
BRDA:93,3,0,269
BRDA:93,3,1,8787
DA:94,269
DA:96,8787
DA:98,9056
DA:100,283
FNF:4
FNH:3
LF:37
LH:32
BRF:6
BRH:6
end_of_record
